Traceback (most recent call last):
  File "/opt/anaconda3/lib/python3.11/site-packages/jupyter_cache/executors/utils.py", line 58, in single_nb_execution
    executenb(
  File "/opt/anaconda3/lib/python3.11/site-packages/nbclient/client.py", line 1305, in execute
    return NotebookClient(nb=nb, resources=resources, km=km, **kwargs).execute()
           ^^^^^^^^^^^^^^^^^^^^^^^^^^^^^^^^^^^^^^^^^^^^^^^^^^^^^^^^^^^^^^^^^^^^^
  File "/opt/anaconda3/lib/python3.11/site-packages/jupyter_core/utils/__init__.py", line 173, in wrapped
    return loop.run_until_complete(inner)
           ^^^^^^^^^^^^^^^^^^^^^^^^^^^^^^
  File "/opt/anaconda3/lib/python3.11/asyncio/base_events.py", line 653, in run_until_complete
    return future.result()
           ^^^^^^^^^^^^^^^
  File "/opt/anaconda3/lib/python3.11/site-packages/nbclient/client.py", line 705, in async_execute
    await self.async_execute_cell(
  File "/opt/anaconda3/lib/python3.11/site-packages/nbclient/client.py", line 1058, in async_execute_cell
    await self._check_raise_for_error(cell, cell_index, exec_reply)
  File "/opt/anaconda3/lib/python3.11/site-packages/nbclient/client.py", line 914, in _check_raise_for_error
    raise CellExecutionError.from_cell_and_msg(cell, exec_reply_content)
nbclient.exceptions.CellExecutionError: An error occurred while executing the following cell:
------------------
import spacy
from spacy.matcher import Matcher

nlp = spacy.load("en_core_web_sm")
------------------

----- stderr -----
/opt/anaconda3/lib/python3.11/site-packages/spacy/util.py:877: UserWarning: [W095] Model 'en_core_web_sm' (3.8.0) was trained with spaCy v3.8 and may not be 100% compatible with the current version (3.4.4). If you see errors or degraded performance, download a newer compatible model or retrain your custom model with the current spaCy version. For more details and available updates, run: python -m spacy validate
  warnings.warn(warn_msg)
------------------

[0;31m---------------------------------------------------------------------------[0m
[0;31mRegistryError[0m                             Traceback (most recent call last)
Cell [0;32mIn[1], line 4[0m
[1;32m      1[0m [38;5;28;01mimport[39;00m[38;5;250m [39m[38;5;21;01mspacy[39;00m
[1;32m      2[0m [38;5;28;01mfrom[39;00m[38;5;250m [39m[38;5;21;01mspacy[39;00m[38;5;21;01m.[39;00m[38;5;21;01mmatcher[39;00m[38;5;250m [39m[38;5;28;01mimport[39;00m Matcher
[0;32m----> 4[0m nlp [38;5;241m=[39m spacy[38;5;241m.[39mload([38;5;124m"[39m[38;5;124men_core_web_sm[39m[38;5;124m"[39m)

File [0;32m/opt/anaconda3/lib/python3.11/site-packages/spacy/__init__.py:54[0m, in [0;36mload[0;34m(name, vocab, disable, enable, exclude, config)[0m
[1;32m     30[0m [38;5;28;01mdef[39;00m[38;5;250m [39m[38;5;21mload[39m(
[1;32m     31[0m     name: Union[[38;5;28mstr[39m, Path],
[1;32m     32[0m     [38;5;241m*[39m,
[0;32m   (...)[0m
[1;32m     37[0m     config: Union[Dict[[38;5;28mstr[39m, Any], Config] [38;5;241m=[39m util[38;5;241m.[39mSimpleFrozenDict(),
[1;32m     38[0m ) [38;5;241m-[39m[38;5;241m>[39m Language:
[1;32m     39[0m [38;5;250m    [39m[38;5;124;03m"""Load a spaCy model from an installed package or a local path.[39;00m
[1;32m     40[0m 
[1;32m     41[0m [38;5;124;03m    name (str): Package name or model path.[39;00m
[0;32m   (...)[0m
[1;32m     52[0m [38;5;124;03m    RETURNS (Language): The loaded nlp object.[39;00m
[1;32m     53[0m [38;5;124;03m    """[39;00m
[0;32m---> 54[0m     [38;5;28;01mreturn[39;00m util[38;5;241m.[39mload_model(
[1;32m     55[0m         name,
[1;32m     56[0m         vocab[38;5;241m=[39mvocab,
[1;32m     57[0m         disable[38;5;241m=[39mdisable,
[1;32m     58[0m         enable[38;5;241m=[39menable,
[1;32m     59[0m         exclude[38;5;241m=[39mexclude,
[1;32m     60[0m         config[38;5;241m=[39mconfig,
[1;32m     61[0m     )

File [0;32m/opt/anaconda3/lib/python3.11/site-packages/spacy/util.py:432[0m, in [0;36mload_model[0;34m(name, vocab, disable, enable, exclude, config)[0m
[1;32m    430[0m     [38;5;28;01mreturn[39;00m get_lang_class(name[38;5;241m.[39mreplace([38;5;124m"[39m[38;5;124mblank:[39m[38;5;124m"[39m, [38;5;124m"[39m[38;5;124m"[39m))()
[1;32m    431[0m [38;5;28;01mif[39;00m is_package(name):  [38;5;66;03m# installed as package[39;00m
[0;32m--> 432[0m     [38;5;28;01mreturn[39;00m load_model_from_package(name, [38;5;241m*[39m[38;5;241m*[39mkwargs)  [38;5;66;03m# type: ignore[arg-type][39;00m
[1;32m    433[0m [38;5;28;01mif[39;00m Path(name)[38;5;241m.[39mexists():  [38;5;66;03m# path to model data directory[39;00m
[1;32m    434[0m     [38;5;28;01mreturn[39;00m load_model_from_path(Path(name), [38;5;241m*[39m[38;5;241m*[39mkwargs)  [38;5;66;03m# type: ignore[arg-type][39;00m

File [0;32m/opt/anaconda3/lib/python3.11/site-packages/spacy/util.py:468[0m, in [0;36mload_model_from_package[0;34m(name, vocab, disable, enable, exclude, config)[0m
[1;32m    451[0m [38;5;250m[39m[38;5;124;03m"""Load a model from an installed package.[39;00m
[1;32m    452[0m 
[1;32m    453[0m [38;5;124;03mname (str): The package name.[39;00m
[0;32m   (...)[0m
[1;32m    465[0m [38;5;124;03mRETURNS (Language): The loaded nlp object.[39;00m
[1;32m    466[0m [38;5;124;03m"""[39;00m
[1;32m    467[0m [38;5;28mcls[39m [38;5;241m=[39m importlib[38;5;241m.[39mimport_module(name)
[0;32m--> 468[0m [38;5;28;01mreturn[39;00m [38;5;28mcls[39m[38;5;241m.[39mload(vocab[38;5;241m=[39mvocab, disable[38;5;241m=[39mdisable, enable[38;5;241m=[39menable, exclude[38;5;241m=[39mexclude, config[38;5;241m=[39mconfig)

File [0;32m/opt/anaconda3/lib/python3.11/site-packages/en_core_web_sm/__init__.py:10[0m, in [0;36mload[0;34m(**overrides)[0m
[1;32m      9[0m [38;5;28;01mdef[39;00m[38;5;250m [39m[38;5;21mload[39m([38;5;241m*[39m[38;5;241m*[39moverrides):
[0;32m---> 10[0m     [38;5;28;01mreturn[39;00m load_model_from_init_py([38;5;18m__file__[39m, [38;5;241m*[39m[38;5;241m*[39moverrides)

File [0;32m/opt/anaconda3/lib/python3.11/site-packages/spacy/util.py:649[0m, in [0;36mload_model_from_init_py[0;34m(init_file, vocab, disable, enable, exclude, config)[0m
[1;32m    647[0m [38;5;28;01mif[39;00m [38;5;129;01mnot[39;00m model_path[38;5;241m.[39mexists():
[1;32m    648[0m     [38;5;28;01mraise[39;00m [38;5;167;01mIOError[39;00m(Errors[38;5;241m.[39mE052[38;5;241m.[39mformat(path[38;5;241m=[39mdata_path))
[0;32m--> 649[0m [38;5;28;01mreturn[39;00m load_model_from_path(
[1;32m    650[0m     data_path,
[1;32m    651[0m     vocab[38;5;241m=[39mvocab,
[1;32m    652[0m     meta[38;5;241m=[39mmeta,
[1;32m    653[0m     disable[38;5;241m=[39mdisable,
[1;32m    654[0m     enable[38;5;241m=[39menable,
[1;32m    655[0m     exclude[38;5;241m=[39mexclude,
[1;32m    656[0m     config[38;5;241m=[39mconfig,
[1;32m    657[0m )

File [0;32m/opt/anaconda3/lib/python3.11/site-packages/spacy/util.py:506[0m, in [0;36mload_model_from_path[0;34m(model_path, meta, vocab, disable, enable, exclude, config)[0m
[1;32m    504[0m overrides [38;5;241m=[39m dict_to_dot(config)
[1;32m    505[0m config [38;5;241m=[39m load_config(config_path, overrides[38;5;241m=[39moverrides)
[0;32m--> 506[0m nlp [38;5;241m=[39m load_model_from_config(
[1;32m    507[0m     config,
[1;32m    508[0m     vocab[38;5;241m=[39mvocab,
[1;32m    509[0m     disable[38;5;241m=[39mdisable,
[1;32m    510[0m     enable[38;5;241m=[39menable,
[1;32m    511[0m     exclude[38;5;241m=[39mexclude,
[1;32m    512[0m     meta[38;5;241m=[39mmeta,
[1;32m    513[0m )
[1;32m    514[0m [38;5;28;01mreturn[39;00m nlp[38;5;241m.[39mfrom_disk(model_path, exclude[38;5;241m=[39mexclude, overrides[38;5;241m=[39moverrides)

File [0;32m/opt/anaconda3/lib/python3.11/site-packages/spacy/util.py:554[0m, in [0;36mload_model_from_config[0;34m(config, meta, vocab, disable, enable, exclude, auto_fill, validate)[0m
[1;32m    551[0m [38;5;66;03m# This will automatically handle all codes registered via the languages[39;00m
[1;32m    552[0m [38;5;66;03m# registry, including custom subclasses provided via entry points[39;00m
[1;32m    553[0m lang_cls [38;5;241m=[39m get_lang_class(nlp_config[[38;5;124m"[39m[38;5;124mlang[39m[38;5;124m"[39m])
[0;32m--> 554[0m nlp [38;5;241m=[39m lang_cls[38;5;241m.[39mfrom_config(
[1;32m    555[0m     config,
[1;32m    556[0m     vocab[38;5;241m=[39mvocab,
[1;32m    557[0m     disable[38;5;241m=[39mdisable,
[1;32m    558[0m     enable[38;5;241m=[39menable,
[1;32m    559[0m     exclude[38;5;241m=[39mexclude,
[1;32m    560[0m     auto_fill[38;5;241m=[39mauto_fill,
[1;32m    561[0m     validate[38;5;241m=[39mvalidate,
[1;32m    562[0m     meta[38;5;241m=[39mmeta,
[1;32m    563[0m )
[1;32m    564[0m [38;5;28;01mreturn[39;00m nlp

File [0;32m/opt/anaconda3/lib/python3.11/site-packages/spacy/language.py:1764[0m, in [0;36mLanguage.from_config[0;34m(cls, config, vocab, disable, enable, exclude, meta, auto_fill, validate)[0m
[1;32m   1762[0m     filled[[38;5;124m"[39m[38;5;124mpretraining[39m[38;5;124m"[39m] [38;5;241m=[39m orig_pretraining
[1;32m   1763[0m     config[[38;5;124m"[39m[38;5;124mpretraining[39m[38;5;124m"[39m] [38;5;241m=[39m orig_pretraining
[0;32m-> 1764[0m resolved_nlp [38;5;241m=[39m registry[38;5;241m.[39mresolve(
[1;32m   1765[0m     filled[[38;5;124m"[39m[38;5;124mnlp[39m[38;5;124m"[39m], validate[38;5;241m=[39mvalidate, schema[38;5;241m=[39mConfigSchemaNlp
[1;32m   1766[0m )
[1;32m   1767[0m create_tokenizer [38;5;241m=[39m resolved_nlp[[38;5;124m"[39m[38;5;124mtokenizer[39m[38;5;124m"[39m]
[1;32m   1768[0m before_creation [38;5;241m=[39m resolved_nlp[[38;5;124m"[39m[38;5;124mbefore_creation[39m[38;5;124m"[39m]

File [0;32m/opt/anaconda3/lib/python3.11/site-packages/confection/__init__.py:760[0m, in [0;36mregistry.resolve[0;34m(cls, config, schema, overrides, validate)[0m
[1;32m    751[0m [38;5;129m@classmethod[39m
[1;32m    752[0m [38;5;28;01mdef[39;00m[38;5;250m [39m[38;5;21mresolve[39m(
[1;32m    753[0m     [38;5;28mcls[39m,
[0;32m   (...)[0m
[1;32m    758[0m     validate: [38;5;28mbool[39m [38;5;241m=[39m [38;5;28;01mTrue[39;00m,
[1;32m    759[0m ) [38;5;241m-[39m[38;5;241m>[39m Dict[[38;5;28mstr[39m, Any]:
[0;32m--> 760[0m     resolved, _ [38;5;241m=[39m [38;5;28mcls[39m[38;5;241m.[39m_make(
[1;32m    761[0m         config, schema[38;5;241m=[39mschema, overrides[38;5;241m=[39moverrides, validate[38;5;241m=[39mvalidate, resolve[38;5;241m=[39m[38;5;28;01mTrue[39;00m
[1;32m    762[0m     )
[1;32m    763[0m     [38;5;28;01mreturn[39;00m resolved

File [0;32m/opt/anaconda3/lib/python3.11/site-packages/confection/__init__.py:809[0m, in [0;36mregistry._make[0;34m(cls, config, schema, overrides, resolve, validate)[0m
[1;32m    807[0m [38;5;28;01mif[39;00m [38;5;129;01mnot[39;00m is_interpolated:
[1;32m    808[0m     config [38;5;241m=[39m Config(orig_config)[38;5;241m.[39minterpolate()
[0;32m--> 809[0m filled, _, resolved [38;5;241m=[39m [38;5;28mcls[39m[38;5;241m.[39m_fill(
[1;32m    810[0m     config, schema, validate[38;5;241m=[39mvalidate, overrides[38;5;241m=[39moverrides, resolve[38;5;241m=[39mresolve
[1;32m    811[0m )
[1;32m    812[0m filled [38;5;241m=[39m Config(filled, section_order[38;5;241m=[39msection_order)
[1;32m    813[0m [38;5;66;03m# Check that overrides didn't include invalid properties not in config[39;00m

File [0;32m/opt/anaconda3/lib/python3.11/site-packages/confection/__init__.py:863[0m, in [0;36mregistry._fill[0;34m(cls, config, schema, validate, resolve, parent, overrides)[0m
[1;32m    861[0m     field [38;5;241m=[39m schema[38;5;241m.[39m__fields__[key]
[1;32m    862[0m     schema[38;5;241m.[39m__fields__[key] [38;5;241m=[39m copy_model_field(field, Any)
[0;32m--> 863[0m promise_schema [38;5;241m=[39m [38;5;28mcls[39m[38;5;241m.[39mmake_promise_schema(value, resolve[38;5;241m=[39mresolve)
[1;32m    864[0m filled[key], validation[v_key], final[key] [38;5;241m=[39m [38;5;28mcls[39m[38;5;241m.[39m_fill(
[1;32m    865[0m     value,
[1;32m    866[0m     promise_schema,
[0;32m   (...)[0m
[1;32m    870[0m     overrides[38;5;241m=[39moverrides,
[1;32m    871[0m )
[1;32m    872[0m reg_name, func_name [38;5;241m=[39m [38;5;28mcls[39m[38;5;241m.[39mget_constructor(final[key])

File [0;32m/opt/anaconda3/lib/python3.11/site-packages/confection/__init__.py:1069[0m, in [0;36mregistry.make_promise_schema[0;34m(cls, obj, resolve)[0m
[1;32m   1067[0m [38;5;28;01mif[39;00m [38;5;129;01mnot[39;00m resolve [38;5;129;01mand[39;00m [38;5;129;01mnot[39;00m [38;5;28mcls[39m[38;5;241m.[39mhas(reg_name, func_name):
[1;32m   1068[0m     [38;5;28;01mreturn[39;00m EmptySchema
[0;32m-> 1069[0m func [38;5;241m=[39m [38;5;28mcls[39m[38;5;241m.[39mget(reg_name, func_name)
[1;32m   1070[0m [38;5;66;03m# Read the argument annotations and defaults from the function signature[39;00m
[1;32m   1071[0m id_keys [38;5;241m=[39m [k [38;5;28;01mfor[39;00m k [38;5;129;01min[39;00m obj[38;5;241m.[39mkeys() [38;5;28;01mif[39;00m k[38;5;241m.[39mstartswith([38;5;124m"[39m[38;5;124m@[39m[38;5;124m"[39m)]

File [0;32m/opt/anaconda3/lib/python3.11/site-packages/spacy/util.py:127[0m, in [0;36mregistry.get[0;34m(cls, registry_name, func_name)[0m
[1;32m    125[0m [38;5;28;01mif[39;00m [38;5;129;01mnot[39;00m [38;5;28mhasattr[39m([38;5;28mcls[39m, registry_name):
[1;32m    126[0m     names [38;5;241m=[39m [38;5;124m"[39m[38;5;124m, [39m[38;5;124m"[39m[38;5;241m.[39mjoin([38;5;28mcls[39m[38;5;241m.[39mget_registry_names()) [38;5;129;01mor[39;00m [38;5;124m"[39m[38;5;124mnone[39m[38;5;124m"[39m
[0;32m--> 127[0m     [38;5;28;01mraise[39;00m RegistryError(Errors[38;5;241m.[39mE892[38;5;241m.[39mformat(name[38;5;241m=[39mregistry_name, available[38;5;241m=[39mnames))
[1;32m    128[0m reg [38;5;241m=[39m [38;5;28mgetattr[39m([38;5;28mcls[39m, registry_name)
[1;32m    129[0m [38;5;28;01mtry[39;00m:

[0;31mRegistryError[0m: [E892] Unknown function registry: 'vectors'.

Available names: architectures, augmenters, batchers, callbacks, cli, datasets, displacy_colors, factories, initializers, languages, layers, lemmatizers, loggers, lookups, losses, misc, models, ops, optimizers, readers, schedules, scorers, tokenizers

